
> promptvalar-frontend@1.0.0 dev
> vite


  VITE v5.4.21  ready in 1235 ms

  ➜  Local:   http://localhost:3000/
  ➜  Network: use --host to expose
3:19:42 PM [vite] page reload index.html
3:20:03 PM [vite] page reload index.html
3:21:07 PM [vite] page reload public/icon-preview.html
3:21:10 PM [vite] page reload public/icon-preview.html
3:21:30 PM [vite] page reload index.html
3:21:30 PM [vite] page reload public/icon-preview.html
3:25:40 PM [vite] hmr update /src/components/SplashCursor.tsx, /src/index.css
3:25:58 PM [vite] hmr update /src/components/SplashCursor.tsx, /src/index.css
3:26:18 PM [vite] hmr update /src/components/SplashCursor.tsx, /src/index.css
3:26:29 PM [vite] hmr update /src/components/SplashCursor.tsx, /src/index.css
3:26:47 PM [vite] hmr update /src/components/common/PacmanLoader.tsx, /src/index.css
3:31:52 PM [vite] hmr update /src/components/SplashCursor.tsx, /src/index.css
3:31:52 PM [vite] hmr update /src/components/common/PacmanLoader.tsx, /src/index.css
5:31:55 PM [vite] hmr update /src/App.tsx, /src/index.css
5:32:01 PM [vite] hmr update /src/components/common/Loading.tsx, /src/index.css
5:32:09 PM [vite] hmr update /src/pages/PromptLibraryPage.tsx, /src/index.css
5:32:17 PM [vite] hmr update /src/pages/PromptDetailPage.tsx, /src/index.css
5:32:25 PM [vite] hmr update /src/pages/SubscriptionManagementPage.tsx, /src/index.css
5:32:25 PM [vite] hmr update /src/pages/SubscriptionManagementPage.tsx, /src/index.css
5:32:34 PM [vite] hmr update /src/pages/AdminDashboardPage.tsx, /src/index.css
5:32:52 PM [vite] hmr update /src/pages/AdminPromptsPage.tsx, /src/index.css
5:33:01 PM [vite] hmr update /src/pages/AdminUsersPage.tsx, /src/index.css
5:33:17 PM [vite] hmr update /src/pages/AdminUsersPage.tsx, /src/index.css
5:33:38 PM [vite] hmr update /src/pages/AdminUsersPage.tsx, /src/index.css
5:33:46 PM [vite] hmr update /src/pages/AdminUsersPage.tsx, /src/index.css
5:33:53 PM [vite] hmr update /src/pages/AdminUsersPage.tsx, /src/index.css
5:34:05 PM [vite] hmr update /src/pages/AdminUsersPage.tsx, /src/index.css
5:34:18 PM [vite] hmr update /src/pages/AdminUsersPage.tsx, /src/index.css
5:34:30 PM [vite] hmr update /src/pages/AdminUsersPage.tsx, /src/index.css
5:34:40 PM [vite] hmr update /src/pages/RegisterPage.tsx, /src/index.css
5:34:53 PM [vite] hmr update /src/pages/AdminUsersPage.tsx, /src/index.css
5:35:01 PM [vite] hmr update /src/pages/PromptDetailPage.tsx, /src/index.css
5:35:08 PM [vite] hmr update /src/pages/PromptDetailPage.tsx, /src/index.css
5:35:20 PM [vite] hmr update /src/pages/AdminUsersPage.tsx, /src/index.css
5:35:27 PM [vite] hmr update /src/pages/AdminUsersPage.tsx, /src/index.css
5:35:35 PM [vite] hmr update /src/pages/RegisterPage.tsx, /src/index.css
5:35:54 PM [vite] hmr update /src/pages/RegisterPage.tsx, /src/index.css, /src/pages/LoginPage.tsx, /src/pages/DashboardPage.tsx, /src/pages/PromptStudioPage.tsx, /src/pages/SettingsPage.tsx, /src/pages/PromptDetailPage.tsx, /src/components/auth/ProtectedRoute.tsx, /src/components/auth/AdminRoute.tsx, /src/components/studio/StructuredEditor.tsx, /src/components/layout/Header.tsx
5:35:54 PM [vite] hmr update /src/pages/RegisterPage.tsx, /src/index.css, /src/pages/LoginPage.tsx, /src/pages/DashboardPage.tsx, /src/pages/PromptStudioPage.tsx, /src/pages/SettingsPage.tsx, /src/pages/PromptDetailPage.tsx, /src/components/auth/ProtectedRoute.tsx, /src/components/auth/AdminRoute.tsx, /src/components/studio/StructuredEditor.tsx, /src/components/layout/Header.tsx
5:36:02 PM [vite] hmr update /src/pages/RegisterPage.tsx, /src/index.css, /src/pages/LoginPage.tsx, /src/pages/DashboardPage.tsx, /src/pages/PromptStudioPage.tsx, /src/pages/SettingsPage.tsx, /src/pages/PromptDetailPage.tsx, /src/components/auth/ProtectedRoute.tsx, /src/components/auth/AdminRoute.tsx, /src/components/studio/StructuredEditor.tsx, /src/components/layout/Header.tsx
5:36:12 PM [vite] hmr update /src/pages/RegisterPage.tsx, /src/index.css, /src/pages/LoginPage.tsx, /src/pages/DashboardPage.tsx, /src/pages/PromptStudioPage.tsx, /src/pages/SettingsPage.tsx, /src/pages/PromptDetailPage.tsx, /src/components/auth/ProtectedRoute.tsx, /src/components/auth/AdminRoute.tsx, /src/components/studio/StructuredEditor.tsx, /src/components/layout/Header.tsx
5:36:32 PM [vite] hmr update /src/pages/LoginPage.tsx, /src/index.css
5:36:40 PM [vite] hmr update /src/pages/LoginPage.tsx, /src/index.css
5:38:17 PM [vite] hmr update /src/App.tsx, /src/index.css
5:38:17 PM [vite] hmr update /src/pages/SubscriptionManagementPage.tsx, /src/index.css
5:38:17 PM [vite] hmr update /src/pages/PromptDetailPage.tsx, /src/index.css
5:38:17 PM [vite] hmr update /src/pages/PromptLibraryPage.tsx, /src/index.css
5:38:17 PM [vite] hmr update /src/pages/AdminDashboardPage.tsx, /src/index.css
5:38:17 PM [vite] hmr update /src/pages/AdminPromptsPage.tsx, /src/index.css
5:38:17 PM [vite] hmr update /src/pages/AdminUsersPage.tsx, /src/index.css
5:38:17 PM [vite] hmr update /src/pages/RegisterPage.tsx, /src/index.css
5:38:17 PM [vite] hmr update /src/pages/RegisterPage.tsx, /src/index.css, /src/pages/LoginPage.tsx, /src/pages/DashboardPage.tsx, /src/pages/PromptStudioPage.tsx, /src/pages/SettingsPage.tsx, /src/pages/PromptDetailPage.tsx, /src/components/auth/ProtectedRoute.tsx, /src/components/auth/AdminRoute.tsx, /src/components/studio/StructuredEditor.tsx, /src/components/layout/Header.tsx
5:38:17 PM [vite] hmr update /src/pages/LoginPage.tsx, /src/index.css
5:38:17 PM [vite] hmr update /src/components/common/Loading.tsx, /src/index.css
5:38:25 PM [vite] hmr update /src/App.tsx, /src/index.css
